<?xml version="1.0" encoding="UTF-8"?>
<testng-results ignored="7" total="8" passed="1" failed="0" skipped="0">
  <reporter-output>
  </reporter-output>
  <suite started-at="2021-01-30T09:48:01 MST" name="SFDC Test Automation Test Suite" finished-at="2021-01-30T09:48:27 MST" duration-ms="26168">
    <groups>
    </groups>
    <test started-at="2021-01-30T09:48:01 MST" name="Test Scenarios for Lead Object" finished-at="2021-01-30T09:48:27 MST" duration-ms="26168">
      <class name="com.crm.qa.testcases.LeadTestCases">
        <test-method is-config="true" signature="initialSetup()[pri:0, instance:com.crm.qa.testcases.LeadTestCases@563f38c4]" started-at="2021-01-30T09:47:58 MST" name="initialSetup" finished-at="2021-01-30T09:48:01 MST" duration-ms="3030" status="PASS">
          <reporter-output>
          </reporter-output>
        </test-method> <!-- initialSetup -->
        <test-method is-config="true" signature="setUp()[pri:0, instance:com.crm.qa.testcases.LeadTestCases@563f38c4]" started-at="2021-01-30T09:48:01 MST" name="setUp" finished-at="2021-01-30T09:48:23 MST" duration-ms="22257" status="PASS">
          <reporter-output>
          </reporter-output>
        </test-method> <!-- setUp -->
        <test-method signature="test1(java.lang.String)[pri:0, instance:com.crm.qa.testcases.LeadTestCases@563f38c4]" started-at="2021-01-30T09:48:23 MST" name="test1" description="Test Description: Creating Net New Lead through Rest API." data-provider="multipleUsers" finished-at="2021-01-30T09:48:25 MST" duration-ms="1966" status="PASS">
          <params>
            <param index="0">
              <value>
                <![CDATA[0056g000005JzikAAC]]>
              </value>
            </param>
          </params>
          <reporter-output>
          </reporter-output>
        </test-method> <!-- test1 -->
        <test-method is-config="true" signature="movetoHomePage()[pri:0, instance:com.crm.qa.testcases.LeadTestCases@563f38c4]" started-at="2021-01-30T09:48:25 MST" name="movetoHomePage" finished-at="2021-01-30T09:48:25 MST" duration-ms="601" status="PASS">
          <reporter-output>
          </reporter-output>
        </test-method> <!-- movetoHomePage -->
        <test-method is-config="true" signature="logout()[pri:0, instance:com.crm.qa.testcases.LeadTestCases@563f38c4]" started-at="2021-01-30T09:48:25 MST" name="logout" finished-at="2021-01-30T09:48:27 MST" duration-ms="1307" status="PASS">
          <reporter-output>
          </reporter-output>
        </test-method> <!-- logout -->
        <test-method is-config="true" signature="closeDriver()[pri:0, instance:com.crm.qa.testcases.LeadTestCases@563f38c4]" started-at="2021-01-30T09:48:27 MST" name="closeDriver" finished-at="2021-01-30T09:48:28 MST" duration-ms="664" status="PASS">
          <reporter-output>
          </reporter-output>
        </test-method> <!-- closeDriver -->
      </class> <!-- com.crm.qa.testcases.LeadTestCases -->
    </test> <!-- Test Scenarios for Lead Object -->
  </suite> <!-- SFDC Test Automation Test Suite -->
</testng-results>
