<?xml version="1.0" encoding="UTF-8"?>
<!-- Generated by org.testng.reporters.JUnitXMLReporter -->
<testsuite ignored="3" hostname="LAPTOP-773J0MNE" failures="0" tests="1" name="Log a Call for Household Test Scenarios" time="37.268" errors="0" timestamp="2020-11-25T23:56:00 MST">
  <testcase classname="com.crm.qa.testcases.LeadTestCases" name="test4" time="16.112"/>
  <testcase classname="com.crm.qa.testcases.LeadTestCases" name="test3" time="0.0">
    <ignored/>
  </testcase> <!-- test3 -->
  <testcase classname="com.crm.qa.testcases.LeadTestCases" name="test0" time="0.0">
    <ignored/>
  </testcase> <!-- test0 -->
  <testcase classname="com.crm.qa.testcases.LeadTestCases" name="test1" time="0.0">
    <ignored/>
  </testcase> <!-- test1 -->
</testsuite> <!-- Log a Call for Household Test Scenarios -->
