<?xml version="1.0" encoding="UTF-8"?>
<!-- Generated by org.testng.reporters.JUnitXMLReporter -->
<testsuite ignored="3" hostname="LAPTOP-773J0MNE" failures="0" tests="1" name="Log a Call for Household Test Scenarios" time="44.677" errors="0" timestamp="2020-11-25T08:26:54 MST">
  <testcase classname="com.crm.qa.testcases.CreateLeadandProspects" name="test0" time="27.157"/>
  <testcase classname="com.crm.qa.testcases.CreateLeadandProspects" name="test1" time="0.0">
    <ignored/>
  </testcase> <!-- test1 -->
  <testcase classname="com.crm.qa.testcases.CreateLeadandProspects" name="test3" time="0.0">
    <ignored/>
  </testcase> <!-- test3 -->
  <testcase classname="com.crm.qa.testcases.CreateLeadandProspects" name="test" time="0.0">
    <ignored/>
  </testcase> <!-- test -->
</testsuite> <!-- Log a Call for Household Test Scenarios -->
