<?xml version="1.0" encoding="UTF-8"?>
<!-- Generated by org.testng.reporters.JUnitXMLReporter -->
<testsuite ignored="4" hostname="LAPTOP-773J0MNE" failures="0" tests="4" name="Test Scenarios for Lead Object" time="42.782" errors="0" timestamp="2020-11-26T23:23:27 MST">
  <testcase classname="com.crm.qa.testcases.LeadTestCases" name="test5" time="3.723"/>
  <testcase classname="com.crm.qa.testcases.LeadTestCases" name="test6" time="3.997"/>
  <testcase classname="com.crm.qa.testcases.LeadTestCases" name="test7" time="0.543"/>
  <testcase classname="com.crm.qa.testcases.LeadTestCases" name="test8" time="0.172"/>
  <testcase classname="com.crm.qa.testcases.LeadTestCases" name="test4" time="0.0">
    <ignored/>
  </testcase> <!-- test4 -->
  <testcase classname="com.crm.qa.testcases.LeadTestCases" name="test3" time="0.0">
    <ignored/>
  </testcase> <!-- test3 -->
  <testcase classname="com.crm.qa.testcases.LeadTestCases" name="test0" time="0.0">
    <ignored/>
  </testcase> <!-- test0 -->
  <testcase classname="com.crm.qa.testcases.LeadTestCases" name="test1" time="0.0">
    <ignored/>
  </testcase> <!-- test1 -->
</testsuite> <!-- Test Scenarios for Lead Object -->
