<?xml version="1.0" encoding="UTF-8"?>
<!-- Generated by org.testng.reporters.JUnitXMLReporter -->
<testsuite ignored="7" hostname="LAPTOP-773J0MNE" failures="0" tests="1" name="Test Scenarios for Lead Object" time="26.168" errors="0" timestamp="2021-01-30T09:48:27 MST">
  <testcase classname="com.crm.qa.testcases.LeadTestCases" name="test1" time="1.966"/>
  <testcase classname="com.crm.qa.testcases.LeadTestCases" name="test4" time="0.0">
    <ignored/>
  </testcase> <!-- test4 -->
  <testcase classname="com.crm.qa.testcases.LeadTestCases" name="test3" time="0.0">
    <ignored/>
  </testcase> <!-- test3 -->
  <testcase classname="com.crm.qa.testcases.LeadTestCases" name="test6" time="0.0">
    <ignored/>
  </testcase> <!-- test6 -->
  <testcase classname="com.crm.qa.testcases.LeadTestCases" name="test5" time="0.0">
    <ignored/>
  </testcase> <!-- test5 -->
  <testcase classname="com.crm.qa.testcases.LeadTestCases" name="test8" time="0.0">
    <ignored/>
  </testcase> <!-- test8 -->
  <testcase classname="com.crm.qa.testcases.LeadTestCases" name="test7" time="0.0">
    <ignored/>
  </testcase> <!-- test7 -->
  <testcase classname="com.crm.qa.testcases.LeadTestCases" name="test0" time="0.0">
    <ignored/>
  </testcase> <!-- test0 -->
</testsuite> <!-- Test Scenarios for Lead Object -->
